<?xml version="1.0" encoding="UTF-8"?>
<!-- Generated by org.testng.reporters.JUnitXMLReporter -->
<testsuite ignored="0" hostname="LAPTOP-OIFNO6MN" failures="0" tests="3" name="Default test" time="10.322" errors="0" timestamp="2021-12-26T11:01:20 IST">
  <testcase classname="Java_Selenium.ActionClassEvent" name="launchBrowser" time="4.683"/>
  <testcase classname="Java_Selenium.ActionClassEvent" name="openApplicationUrl" time="4.527"/>
  <testcase classname="Java_Selenium.ActionClassEvent" name="handleMouseEvent" time="1.021"/>
</testsuite> <!-- Default test -->
